mode: set
FindByFlic/dbdelegate/dcartDel.go:33.62,36.30 3 1
FindByFlic/dbdelegate/dcartDel.go:66.2,66.16 1 1
FindByFlic/dbdelegate/dcartDel.go:36.30,37.26 1 1
FindByFlic/dbdelegate/dcartDel.go:40.3,43.20 4 1
FindByFlic/dbdelegate/dcartDel.go:37.26,39.4 1 0
FindByFlic/dbdelegate/dcartDel.go:43.20,45.25 2 1
FindByFlic/dbdelegate/dcartDel.go:45.25,48.19 3 1
FindByFlic/dbdelegate/dcartDel.go:51.5,55.13 5 1
FindByFlic/dbdelegate/dcartDel.go:48.19,50.6 1 0
FindByFlic/dbdelegate/dcartDel.go:56.10,63.5 6 1
FindByFlic/dbdelegate/dcartDel.go:70.56,72.27 2 1
FindByFlic/dbdelegate/dcartDel.go:94.2,94.12 1 1
FindByFlic/dbdelegate/dcartDel.go:72.27,73.26 1 1
FindByFlic/dbdelegate/dcartDel.go:76.3,79.20 4 1
FindByFlic/dbdelegate/dcartDel.go:73.26,75.4 1 0
FindByFlic/dbdelegate/dcartDel.go:79.20,81.25 2 1
FindByFlic/dbdelegate/dcartDel.go:81.25,84.19 3 1
FindByFlic/dbdelegate/dcartDel.go:87.5,90.15 4 1
FindByFlic/dbdelegate/dcartDel.go:84.19,86.6 1 0
FindByFlic/dbdelegate/dcartDel.go:98.56,99.25 1 1
FindByFlic/dbdelegate/dcartDel.go:102.2,106.19 5 1
FindByFlic/dbdelegate/dcartDel.go:127.2,127.13 1 1
FindByFlic/dbdelegate/dcartDel.go:99.25,101.3 1 0
FindByFlic/dbdelegate/dcartDel.go:106.19,114.17 7 1
FindByFlic/dbdelegate/dcartDel.go:114.17,116.4 1 0
FindByFlic/dbdelegate/dcartDel.go:116.9,118.4 1 1
FindByFlic/dbdelegate/dcartDel.go:130.47,134.19 4 1
FindByFlic/dbdelegate/dcartDel.go:146.2,146.12 1 1
FindByFlic/dbdelegate/dcartDel.go:134.19,139.17 5 1
FindByFlic/dbdelegate/dcartDel.go:142.3,142.20 1 1
FindByFlic/dbdelegate/dcartDel.go:139.17,141.4 1 0
FindByFlic/dbdelegate/dcartDel.go:142.20,144.4 1 1
