mode: set
github.com/Ulbora/FindByFlic/dbdelegate/dcartDel.go:62.47,64.2 1 1
github.com/Ulbora/FindByFlic/dbdelegate/dcartDel.go:67.62,71.30 4 1
github.com/Ulbora/FindByFlic/dbdelegate/dcartDel.go:108.2,108.16 1 1
github.com/Ulbora/FindByFlic/dbdelegate/dcartDel.go:71.30,73.26 2 1
github.com/Ulbora/FindByFlic/dbdelegate/dcartDel.go:76.3,82.20 6 1
github.com/Ulbora/FindByFlic/dbdelegate/dcartDel.go:73.26,75.4 1 1
github.com/Ulbora/FindByFlic/dbdelegate/dcartDel.go:82.20,84.25 2 1
github.com/Ulbora/FindByFlic/dbdelegate/dcartDel.go:84.25,91.19 4 1
github.com/Ulbora/FindByFlic/dbdelegate/dcartDel.go:91.19,97.6 5 1
github.com/Ulbora/FindByFlic/dbdelegate/dcartDel.go:98.10,105.5 6 1
github.com/Ulbora/FindByFlic/dbdelegate/dcartDel.go:112.56,114.27 2 1
github.com/Ulbora/FindByFlic/dbdelegate/dcartDel.go:137.2,137.12 1 1
github.com/Ulbora/FindByFlic/dbdelegate/dcartDel.go:114.27,115.26 1 1
github.com/Ulbora/FindByFlic/dbdelegate/dcartDel.go:118.3,122.20 5 1
github.com/Ulbora/FindByFlic/dbdelegate/dcartDel.go:115.26,117.4 1 1
github.com/Ulbora/FindByFlic/dbdelegate/dcartDel.go:122.20,124.25 2 1
github.com/Ulbora/FindByFlic/dbdelegate/dcartDel.go:124.25,128.19 4 1
github.com/Ulbora/FindByFlic/dbdelegate/dcartDel.go:128.19,133.6 4 1
github.com/Ulbora/FindByFlic/dbdelegate/dcartDel.go:141.56,142.25 1 1
github.com/Ulbora/FindByFlic/dbdelegate/dcartDel.go:146.2,151.26 6 1
github.com/Ulbora/FindByFlic/dbdelegate/dcartDel.go:164.2,164.13 1 1
github.com/Ulbora/FindByFlic/dbdelegate/dcartDel.go:142.25,145.3 2 1
github.com/Ulbora/FindByFlic/dbdelegate/dcartDel.go:151.26,156.17 4 1
github.com/Ulbora/FindByFlic/dbdelegate/dcartDel.go:156.17,162.4 5 1
github.com/Ulbora/FindByFlic/dbdelegate/dcartDel.go:167.47,171.26 4 1
github.com/Ulbora/FindByFlic/dbdelegate/dcartDel.go:183.2,183.12 1 1
github.com/Ulbora/FindByFlic/dbdelegate/dcartDel.go:171.26,179.20 4 1
github.com/Ulbora/FindByFlic/dbdelegate/dcartDel.go:179.20,181.4 1 1
github.com/Ulbora/FindByFlic/dbdelegate/dcartDel.go:186.34,188.37 2 1
github.com/Ulbora/FindByFlic/dbdelegate/dcartDel.go:194.2,194.12 1 1
github.com/Ulbora/FindByFlic/dbdelegate/dcartDel.go:188.37,190.3 1 1
github.com/Ulbora/FindByFlic/dbdelegate/dcartDel.go:190.8,192.3 1 1
