mode: set
FindByFlic/handlers/handleDcart.go:38.76,46.17 8 1
FindByFlic/handlers/handleDcart.go:59.2,65.55 4 1
FindByFlic/handlers/handleDcart.go:46.17,48.3 1 1
FindByFlic/handlers/handleDcart.go:69.77,94.2 2 0
FindByFlic/handlers/handleDcart.go:97.73,100.16 3 1
FindByFlic/handlers/handleDcart.go:106.2,108.33 3 1
FindByFlic/handlers/handleDcart.go:100.16,102.3 1 0
FindByFlic/handlers/handleDcart.go:102.8,104.3 1 1
FindByFlic/handlers/handleDcart.go:108.33,110.3 1 0
FindByFlic/handlers/handleDcart.go:110.8,122.34 3 1
FindByFlic/handlers/handleDcart.go:128.3,129.17 2 1
FindByFlic/handlers/handleDcart.go:132.3,133.10 2 1
FindByFlic/handlers/handleDcart.go:122.34,124.4 1 1
FindByFlic/handlers/handleDcart.go:124.9,124.38 1 1
FindByFlic/handlers/handleDcart.go:124.38,126.4 1 1
FindByFlic/handlers/handleDcart.go:129.17,131.4 1 0
FindByFlic/handlers/handleDcart.go:133.10,135.4 1 1
FindByFlic/handlers/handleDcart.go:135.9,137.4 1 0
FindByFlic/handlers/handler.go:53.88,55.16 2 1
FindByFlic/handlers/handler.go:59.2,59.16 1 1
FindByFlic/handlers/handler.go:55.16,58.3 2 1
FindByFlic/handlers/handler.go:63.71,71.17 8 1
FindByFlic/handlers/handler.go:84.2,90.50 4 1
FindByFlic/handlers/handler.go:71.17,73.3 1 1
