mode: set
FindByFlic/handlers/handleDcart.go:37.76,45.17 8 1
FindByFlic/handlers/handleDcart.go:58.2,64.55 4 1
FindByFlic/handlers/handleDcart.go:45.17,47.3 1 1
FindByFlic/handlers/handleDcart.go:68.77,93.2 2 0
FindByFlic/handlers/handleDcart.go:96.73,99.33 3 1
FindByFlic/handlers/handleDcart.go:99.33,101.3 1 0
FindByFlic/handlers/handleDcart.go:101.8,107.17 4 1
FindByFlic/handlers/handleDcart.go:112.3,112.34 1 1
FindByFlic/handlers/handleDcart.go:118.3,120.10 3 1
FindByFlic/handlers/handleDcart.go:107.17,110.4 1 0
FindByFlic/handlers/handleDcart.go:112.34,114.4 1 1
FindByFlic/handlers/handleDcart.go:114.9,114.38 1 1
FindByFlic/handlers/handleDcart.go:114.38,116.4 1 1
FindByFlic/handlers/handleDcart.go:120.10,122.4 1 1
FindByFlic/handlers/handleDcart.go:122.9,124.4 1 0
FindByFlic/handlers/handler.go:53.88,55.16 2 1
FindByFlic/handlers/handler.go:59.2,59.16 1 1
FindByFlic/handlers/handler.go:55.16,58.3 2 1
FindByFlic/handlers/handler.go:63.71,71.17 8 1
FindByFlic/handlers/handler.go:84.2,90.50 4 1
FindByFlic/handlers/handler.go:71.17,73.3 1 1
