mode: set
FindByFFL/dbdeligate/dcartDb.go:32.61,35.30 3 0
FindByFFL/dbdeligate/dcartDb.go:38.2,38.16 1 0
FindByFFL/dbdeligate/dcartDb.go:35.31,37.3 0 0
FindByFFL/dbdeligate/dcartDb.go:42.55,44.2 1 0
FindByFFL/dbdeligate/dcartDb.go:47.56,49.2 1 0
FindByFFL/dbdeligate/dcartDb.go:51.47,55.19 4 0
FindByFFL/dbdeligate/dcartDb.go:67.2,67.12 1 0
FindByFFL/dbdeligate/dcartDb.go:55.19,60.17 5 0
FindByFFL/dbdeligate/dcartDb.go:63.3,63.20 1 0
FindByFFL/dbdeligate/dcartDb.go:60.17,62.4 1 0
FindByFFL/dbdeligate/dcartDb.go:63.20,65.4 1 0
