mode: set
github.com/Ulbora/FindByFlic/flicfinder/flicFinder.go:27.38,29.2 1 1
github.com/Ulbora/FindByFlic/flicfinder/flicFinder.go:32.64,39.17 7 1
github.com/Ulbora/FindByFlic/flicfinder/flicFinder.go:49.2,49.13 1 1
github.com/Ulbora/FindByFlic/flicfinder/flicFinder.go:39.17,44.36 5 1
github.com/Ulbora/FindByFlic/flicfinder/flicFinder.go:44.36,47.4 2 1
github.com/Ulbora/FindByFlic/flicfinder/flicFinder.go:53.52,60.17 7 1
github.com/Ulbora/FindByFlic/flicfinder/flicFinder.go:70.2,70.13 1 1
github.com/Ulbora/FindByFlic/flicfinder/flicFinder.go:60.17,65.36 5 1
github.com/Ulbora/FindByFlic/flicfinder/flicFinder.go:65.36,68.4 2 1
